2020-02-06 17:59:15.298 INFO [main] [com.epam.service.ProductService] [initializeStoreItems] [com.epam.service.ProductService.initializeStoreItems(ProductService.java:39)] - initializeStoreItems() started
2020-02-06 17:59:15.301 INFO [main] [com.epam.service.ProductService] [getProducts] [com.epam.service.ProductService.getProducts(ProductService.java:28)] - getProducts() started
2020-02-06 17:59:15.301 INFO [main] [com.epam.service.CartService] [isCartHasValue] [com.epam.service.CartService.isCartHasValue(CartService.java:20)] - isCartHasValue() started
2020-02-06 17:59:27.949 INFO [main] [com.epam.service.ProductService] [initializeStoreItems] [com.epam.service.ProductService.initializeStoreItems(ProductService.java:39)] - initializeStoreItems() started
2020-02-06 17:59:27.953 INFO [main] [com.epam.service.ProductService] [getProducts] [com.epam.service.ProductService.getProducts(ProductService.java:28)] - getProducts() started
2020-02-06 17:59:27.954 INFO [main] [com.epam.service.CartService] [isCartHasValue] [com.epam.service.CartService.isCartHasValue(CartService.java:20)] - isCartHasValue() started
2020-02-06 18:00:25.095 INFO [main] [com.epam.service.ProductService] [initializeStoreItems] [com.epam.service.ProductService.initializeStoreItems(ProductService.java:39)] - initializeStoreItems() started
2020-02-06 18:00:25.098 INFO [main] [com.epam.service.ProductService] [getProducts] [com.epam.service.ProductService.getProducts(ProductService.java:28)] - getProducts() started
2020-02-06 18:00:25.098 INFO [main] [com.epam.service.CartService] [isCartHasValue] [com.epam.service.CartService.isCartHasValue(CartService.java:20)] - isCartHasValue() started
2020-02-06 18:00:29.966 INFO [main] [com.epam.service.CategoryService] [initializeStoreCategories] [com.epam.service.CategoryService.initializeStoreCategories(CategoryService.java:28)] - initializeStoreCategories() started
2020-02-06 18:00:29.967 INFO [main] [com.epam.service.CategoryService] [getCategories] [com.epam.service.CategoryService.getCategories(CategoryService.java:23)] - getCategories() started
2020-02-06 18:00:32.742 INFO [main] [com.epam.service.CartService] [isCartHasValue] [com.epam.service.CartService.isCartHasValue(CartService.java:20)] - isCartHasValue() started
2020-02-06 18:00:35.492 INFO [main] [com.epam.service.CategoryService] [initializeStoreCategories] [com.epam.service.CategoryService.initializeStoreCategories(CategoryService.java:28)] - initializeStoreCategories() started
2020-02-06 18:00:35.492 INFO [main] [com.epam.service.CategoryService] [getCategories] [com.epam.service.CategoryService.getCategories(CategoryService.java:23)] - getCategories() started
2020-02-06 18:00:36.934 INFO [main] [com.epam.service.SubCategoryService] [initializeStoreSubCategories] [com.epam.service.SubCategoryService.initializeStoreSubCategories(SubCategoryService.java:35)] - initializeStoreSubCategories() started
2020-02-06 18:00:36.935 INFO [main] [com.epam.service.SubCategoryService] [getSubCategories] [com.epam.service.SubCategoryService.getSubCategories(SubCategoryService.java:25)] - getSubCategories() started
2020-02-06 18:00:39.508 INFO [main] [com.epam.service.ProductService] [initializeStoreItems] [com.epam.service.ProductService.initializeStoreItems(ProductService.java:39)] - initializeStoreItems() started
2020-02-06 18:00:39.508 INFO [main] [com.epam.service.ProductService] [getProductsBySubCategoryId] [com.epam.service.ProductService.getProductsBySubCategoryId(ProductService.java:33)] - getProductsBySubCategoryId() started
2020-02-06 18:00:39.517 INFO [main] [com.epam.service.CartService] [isCartHasValue] [com.epam.service.CartService.isCartHasValue(CartService.java:20)] - isCartHasValue() started
2020-02-06 18:00:40.331 INFO [main] [com.epam.service.SubCategoryService] [initializeStoreSubCategories] [com.epam.service.SubCategoryService.initializeStoreSubCategories(SubCategoryService.java:35)] - initializeStoreSubCategories() started
2020-02-06 18:00:40.331 INFO [main] [com.epam.service.SubCategoryService] [getSubCategories] [com.epam.service.SubCategoryService.getSubCategories(SubCategoryService.java:25)] - getSubCategories() started
