2020-02-26 17:26:00.527 INFO [main] - Main() started
2020-02-26 17:29:12.287 INFO [main] - Main() started
2020-02-26 17:43:03.661 INFO [main] - Main() started
2020-02-26 17:43:11.157 INFO [main] - Main() started
2020-02-26 17:46:13.399 INFO [main] - Main() started
2020-02-26 17:47:01.652 INFO [main] - Main() started
2020-02-26 17:48:04.372 INFO [main] - Main() started
2020-02-26 17:48:38.005 INFO [main] - Main() started
2020-02-26 17:49:17.828 INFO [main] - Main() started
2020-02-26 17:49:28.510 INFO [main] - Main() started
2020-02-26 17:50:48.643 INFO [main] - Main() started
2020-02-26 17:50:50.609 INFO [main] - initializeStoreItems() started
2020-02-26 17:50:50.674 INFO [main] - initializeStoreItems() started
2020-02-26 17:50:50.736 INFO [main] - initializeStoreItems() started
2020-02-26 17:50:50.791 INFO [main] - initializeStoreItems() started
2020-02-26 17:50:50.791 INFO [main] - isCartHasValue() started
2020-02-26 17:51:15.999 INFO [main] - initializeProductsCategories() started
2020-02-26 17:51:15.999 INFO [main] - getCategories() started
2020-02-26 18:02:19.289 INFO [main] - Main() started
2020-02-26 18:02:20.927 INFO [main] - initializeStoreItems() started
2020-02-26 18:02:20.992 INFO [main] - initializeStoreItems() started
2020-02-26 18:02:21.050 INFO [main] - initializeStoreItems() started
2020-02-26 18:02:21.117 INFO [main] - initializeStoreItems() started
2020-02-26 18:02:21.117 INFO [main] - isCartHasValue() started
2020-02-26 18:03:55.552 INFO [main] - Main() started
2020-02-26 18:03:57.107 INFO [main] - initializeStoreItems() started
2020-02-26 18:03:57.177 INFO [main] - initializeStoreItems() started
2020-02-26 18:03:57.234 INFO [main] - initializeStoreItems() started
2020-02-26 18:03:57.292 INFO [main] - initializeStoreItems() started
2020-02-26 18:03:57.292 INFO [main] - isCartHasValue() started
2020-02-26 18:06:37.990 INFO [main] - Main() started
2020-02-26 18:06:39.591 INFO [main] - initializeStoreItems() started
2020-02-26 18:06:39.663 INFO [main] - initializeStoreItems() started
2020-02-26 18:06:39.728 INFO [main] - initializeStoreItems() started
2020-02-26 18:06:39.795 INFO [main] - initializeStoreItems() started
2020-02-26 18:06:39.795 INFO [main] - isCartHasValue() started
2020-02-26 18:08:01.502 INFO [main] - Main() started
2020-02-26 18:08:03.146 INFO [main] - initializeStoreItems() started
2020-02-26 18:08:03.212 INFO [main] - initializeStoreItems() started
2020-02-26 18:08:03.282 INFO [main] - initializeStoreItems() started
2020-02-26 18:08:03.344 INFO [main] - initializeStoreItems() started
2020-02-26 18:08:03.344 INFO [main] - isCartHasValue() started
2020-02-26 18:08:06.055 INFO [main] - initializeProductsCategories() started
2020-02-26 18:08:06.055 INFO [main] - getCategories() started
2020-02-26 18:09:28.035 INFO [main] - Main() started
2020-02-26 18:09:29.622 INFO [main] - initializeStoreItems() started
2020-02-26 18:09:29.680 INFO [main] - initializeStoreItems() started
2020-02-26 18:09:29.736 INFO [main] - initializeStoreItems() started
2020-02-26 18:09:29.795 INFO [main] - initializeStoreItems() started
2020-02-26 18:09:29.795 INFO [main] - isCartHasValue() started
2020-02-26 18:09:32.012 INFO [main] - initializeProductsCategories() started
2020-02-26 18:09:32.012 INFO [main] - getCategories() started
2020-02-26 18:16:10.940 INFO [main] - Main() started
2020-02-26 18:16:12.580 INFO [main] - initializeStoreItems() started
2020-02-26 18:16:12.657 INFO [main] - initializeStoreItems() started
2020-02-26 18:16:12.716 INFO [main] - initializeStoreItems() started
2020-02-26 18:16:12.783 INFO [main] - initializeStoreItems() started
2020-02-26 18:16:12.783 INFO [main] - isCartHasValue() started
2020-02-26 18:16:16.113 INFO [main] - initializeStoreSubCategories() started
2020-02-26 18:16:16.113 INFO [main] - getSubCategories() started
2020-02-26 18:23:14.332 INFO [main] - Main() started
2020-02-26 18:23:15.927 INFO [main] - initializeStoreItems() started
2020-02-26 18:23:15.990 INFO [main] - initializeStoreItems() started
2020-02-26 18:23:16.062 INFO [main] - initializeStoreItems() started
2020-02-26 18:23:16.117 INFO [main] - initializeStoreItems() started
2020-02-26 18:23:16.117 INFO [main] - isCartHasValue() started
2020-02-26 18:23:17.268 INFO [main] - initializeProductsCategories() started
2020-02-26 18:23:17.268 INFO [main] - getCategories() started
2020-02-26 18:25:18.355 INFO [main] - Main() started
2020-02-26 18:25:19.975 INFO [main] - initializeStoreItems() started
2020-02-26 18:25:20.035 INFO [main] - initializeStoreItems() started
2020-02-26 18:25:20.099 INFO [main] - initializeStoreItems() started
2020-02-26 18:25:20.168 INFO [main] - initializeStoreItems() started
2020-02-26 18:25:20.169 INFO [main] - isCartHasValue() started
2020-02-26 18:25:21.903 INFO [main] - initializeProductsCategories() started
2020-02-26 18:25:21.903 INFO [main] - getCategories() started
2020-02-26 18:38:07.014 INFO [main] - Main() started
2020-02-26 18:38:08.876 INFO [main] - initializeStoreItems() started
2020-02-26 18:38:08.951 INFO [main] - initializeStoreItems() started
2020-02-26 18:38:09.029 INFO [main] - initializeStoreItems() started
2020-02-26 18:38:09.100 INFO [main] - initializeStoreItems() started
2020-02-26 18:38:09.101 INFO [main] - isCartHasValue() started
2020-02-26 18:38:11.914 INFO [main] - initializeProductsCategories() started
2020-02-26 18:38:11.915 INFO [main] - getCategories() started
2020-02-26 18:42:03.547 INFO [main] - Main() started
2020-02-26 18:42:05.187 INFO [main] - initializeStoreItems() started
2020-02-26 18:42:05.250 INFO [main] - initializeStoreItems() started
2020-02-26 18:42:05.309 INFO [main] - initializeStoreItems() started
2020-02-26 18:42:05.364 INFO [main] - initializeStoreItems() started
2020-02-26 18:42:05.365 INFO [main] - isCartHasValue() started
2020-02-26 18:42:07.215 INFO [main] - initializeProductsCategories() started
2020-02-26 18:42:07.215 INFO [main] - getCategories() started
2020-02-26 18:45:09.406 INFO [main] - Main() started
2020-02-26 18:45:11.029 INFO [main] - initializeStoreItems() started
2020-02-26 18:45:11.085 INFO [main] - initializeStoreItems() started
2020-02-26 18:45:11.140 INFO [main] - initializeStoreItems() started
2020-02-26 18:45:11.192 INFO [main] - initializeStoreItems() started
2020-02-26 18:45:11.192 INFO [main] - isCartHasValue() started
2020-02-26 18:45:12.727 INFO [main] - initializeProductsCategories() started
2020-02-26 18:45:12.727 INFO [main] - getCategories() started
2020-02-26 18:46:14.559 INFO [main] - Main() started
2020-02-26 18:46:16.147 INFO [main] - initializeStoreItems() started
2020-02-26 18:46:16.211 INFO [main] - initializeStoreItems() started
2020-02-26 18:46:16.266 INFO [main] - initializeStoreItems() started
2020-02-26 18:46:16.329 INFO [main] - initializeStoreItems() started
2020-02-26 18:46:16.329 INFO [main] - isCartHasValue() started
2020-02-26 18:46:18.373 INFO [main] - initializeProductsCategories() started
2020-02-26 18:46:18.373 INFO [main] - getCategories() started
2020-02-26 18:46:25.322 INFO [main] - Main() started
2020-02-26 18:46:26.912 INFO [main] - initializeStoreItems() started
2020-02-26 18:46:26.970 INFO [main] - initializeStoreItems() started
2020-02-26 18:46:27.059 INFO [main] - initializeStoreItems() started
2020-02-26 18:46:27.117 INFO [main] - initializeStoreItems() started
2020-02-26 18:46:27.118 INFO [main] - isCartHasValue() started
2020-02-26 18:46:29.148 INFO [main] - initializeProductsCategories() started
2020-02-26 18:46:29.148 INFO [main] - getCategories() started
2020-02-26 18:49:26.920 INFO [main] - Main() started
2020-02-26 18:49:28.480 INFO [main] - initializeStoreItems() started
2020-02-26 18:49:28.541 INFO [main] - initializeStoreItems() started
2020-02-26 18:49:28.603 INFO [main] - initializeStoreItems() started
2020-02-26 18:49:28.668 INFO [main] - initializeStoreItems() started
2020-02-26 18:49:28.668 INFO [main] - isCartHasValue() started
2020-02-26 18:49:31.018 INFO [main] - initializeStoreItems() started
2020-02-26 18:49:31.018 INFO [main] - getProducts() started
2020-02-26 18:54:01.372 INFO [main] - Main() started
2020-02-26 18:54:02.990 INFO [main] - initializeStoreItems() started
2020-02-26 18:54:03.054 INFO [main] - initializeStoreItems() started
2020-02-26 18:54:03.111 INFO [main] - initializeStoreItems() started
2020-02-26 18:54:03.174 INFO [main] - initializeStoreItems() started
2020-02-26 18:54:03.175 INFO [main] - isCartHasValue() started
2020-02-26 18:54:07.235 INFO [main] - initializeStoreItems() started
2020-02-26 18:54:07.235 INFO [main] - getProducts() started
2020-02-26 18:54:28.369 INFO [main] - Main() started
2020-02-26 18:54:29.975 INFO [main] - initializeStoreItems() started
2020-02-26 18:54:30.032 INFO [main] - initializeStoreItems() started
2020-02-26 18:54:30.094 INFO [main] - initializeStoreItems() started
2020-02-26 18:54:30.154 INFO [main] - initializeStoreItems() started
2020-02-26 18:54:30.154 INFO [main] - isCartHasValue() started
2020-02-26 18:54:31.844 INFO [main] - initializeStoreItems() started
2020-02-26 18:54:31.844 INFO [main] - getProducts() started
2020-02-26 18:54:40.337 INFO [main] - Main() started
2020-02-26 18:54:41.929 INFO [main] - initializeStoreItems() started
2020-02-26 18:54:41.994 INFO [main] - initializeStoreItems() started
2020-02-26 18:54:42.053 INFO [main] - initializeStoreItems() started
2020-02-26 18:54:42.115 INFO [main] - initializeStoreItems() started
2020-02-26 18:54:42.115 INFO [main] - isCartHasValue() started
2020-02-26 18:54:44.052 INFO [main] - initializeStoreItems() started
2020-02-26 18:54:44.053 INFO [main] - getProducts() started
2020-02-26 18:57:40.859 INFO [main] - Main() started
2020-02-26 18:57:42.460 INFO [main] - initializeStoreItems() started
2020-02-26 18:57:42.527 INFO [main] - initializeStoreItems() started
2020-02-26 18:57:42.589 INFO [main] - initializeStoreItems() started
2020-02-26 18:57:42.652 INFO [main] - initializeStoreItems() started
2020-02-26 18:57:42.652 INFO [main] - isCartHasValue() started
2020-02-26 18:57:44.957 INFO [main] - initializeStoreItems() started
2020-02-26 18:57:44.957 INFO [main] - getProducts() started
2020-02-26 18:58:39.647 INFO [main] - Main() started
2020-02-26 18:58:41.251 INFO [main] - initializeStoreItems() started
2020-02-26 18:58:41.318 INFO [main] - initializeStoreItems() started
2020-02-26 18:58:41.375 INFO [main] - initializeStoreItems() started
2020-02-26 18:58:41.433 INFO [main] - initializeStoreItems() started
2020-02-26 18:58:41.433 INFO [main] - isCartHasValue() started
2020-02-26 18:58:50.447 INFO [main] - initializeStoreItems() started
2020-02-26 18:58:50.447 INFO [main] - getProducts() started
2020-02-26 18:59:33.441 INFO [main] - Main() started
2020-02-26 18:59:35.072 INFO [main] - initializeStoreItems() started
2020-02-26 18:59:35.136 INFO [main] - initializeStoreItems() started
2020-02-26 18:59:35.198 INFO [main] - initializeStoreItems() started
2020-02-26 18:59:35.256 INFO [main] - initializeStoreItems() started
2020-02-26 18:59:35.257 INFO [main] - isCartHasValue() started
2020-02-26 18:59:37.237 INFO [main] - initializeStoreItems() started
2020-02-26 18:59:37.237 INFO [main] - getProducts() started
2020-02-26 19:00:40.284 INFO [main] - Main() started
2020-02-26 19:00:41.968 INFO [main] - initializeStoreItems() started
2020-02-26 19:00:42.033 INFO [main] - initializeStoreItems() started
2020-02-26 19:00:42.092 INFO [main] - initializeStoreItems() started
2020-02-26 19:00:42.153 INFO [main] - initializeStoreItems() started
2020-02-26 19:00:42.154 INFO [main] - isCartHasValue() started
2020-02-26 19:00:44.293 INFO [main] - initializeStoreItems() started
2020-02-26 19:00:44.293 INFO [main] - getProducts() started
2020-02-26 19:02:09.672 INFO [main] - Main() started
2020-02-26 19:02:11.277 INFO [main] - initializeStoreItems() started
2020-02-26 19:02:11.345 INFO [main] - initializeStoreItems() started
2020-02-26 19:02:11.414 INFO [main] - initializeStoreItems() started
2020-02-26 19:02:11.478 INFO [main] - initializeStoreItems() started
2020-02-26 19:02:11.478 INFO [main] - isCartHasValue() started
2020-02-26 19:02:13.473 INFO [main] - initializeStoreItems() started
2020-02-26 19:02:13.473 INFO [main] - getProducts() started
2020-02-26 19:03:38.849 INFO [main] - Main() started
2020-02-26 19:03:40.440 INFO [main] - initializeStoreItems() started
2020-02-26 19:03:40.508 INFO [main] - initializeStoreItems() started
2020-02-26 19:03:40.565 INFO [main] - initializeStoreItems() started
2020-02-26 19:03:40.623 INFO [main] - initializeStoreItems() started
2020-02-26 19:03:40.624 INFO [main] - isCartHasValue() started
2020-02-26 19:03:42.934 INFO [main] - initializeProductsCategories() started
2020-02-26 19:03:42.934 INFO [main] - getCategories() started
2020-02-26 19:03:47.042 INFO [main] - Main() started
2020-02-26 19:03:48.673 INFO [main] - initializeStoreItems() started
2020-02-26 19:03:48.735 INFO [main] - initializeStoreItems() started
2020-02-26 19:03:48.791 INFO [main] - initializeStoreItems() started
2020-02-26 19:03:48.849 INFO [main] - initializeStoreItems() started
2020-02-26 19:03:48.850 INFO [main] - isCartHasValue() started
2020-02-26 19:03:50.077 INFO [main] - initializeStoreSubCategories() started
2020-02-26 19:03:50.077 INFO [main] - getSubCategories() started
2020-02-26 19:03:53.735 INFO [main] - Main() started
2020-02-26 19:03:55.431 INFO [main] - initializeStoreItems() started
2020-02-26 19:03:55.509 INFO [main] - initializeStoreItems() started
2020-02-26 19:03:55.568 INFO [main] - initializeStoreItems() started
2020-02-26 19:03:55.627 INFO [main] - initializeStoreItems() started
2020-02-26 19:03:55.628 INFO [main] - isCartHasValue() started
2020-02-26 19:03:56.458 INFO [main] - initializeStoreItems() started
2020-02-26 19:03:56.458 INFO [main] - getProducts() started
2020-02-26 19:04:12.362 INFO [main] - addProductToCartByProductId() started
2020-02-26 19:04:12.362 INFO [main] - getProductByProductId() started
2020-02-26 19:04:12.364 INFO [main] - isCartHasValue() started
2020-02-26 19:04:12.364 INFO [main] - isCartHasValue() started
2020-02-26 19:04:20.347 INFO [main] - Main() started
2020-02-26 19:04:22.012 INFO [main] - initializeStoreItems() started
2020-02-26 19:04:22.072 INFO [main] - initializeStoreItems() started
2020-02-26 19:04:22.143 INFO [main] - initializeStoreItems() started
2020-02-26 19:04:22.208 INFO [main] - initializeStoreItems() started
2020-02-26 19:04:22.208 INFO [main] - isCartHasValue() started
2020-02-26 19:04:24.193 INFO [main] - initializeStoreItems() started
2020-02-26 19:04:24.194 INFO [main] - getProducts() started
2020-02-26 19:04:30.470 INFO [main] - addProductToCartByProductId() started
2020-02-26 19:04:30.470 INFO [main] - getProductByProductId() started
2020-02-26 19:04:30.472 INFO [main] - isCartHasValue() started
2020-02-26 19:04:30.472 INFO [main] - isCartHasValue() started
2020-02-26 19:06:51.153 INFO [main] - Main() started
2020-02-26 19:06:53.995 INFO [main] - initializeStoreItems() started
2020-02-26 19:06:54.072 INFO [main] - initializeStoreItems() started
2020-02-26 19:06:54.147 INFO [main] - initializeStoreItems() started
2020-02-26 19:06:54.216 INFO [main] - initializeStoreItems() started
2020-02-26 19:06:54.216 INFO [main] - isCartHasValue() started
2020-02-26 19:06:57.791 INFO [main] - initializeStoreItems() started
2020-02-26 19:06:57.791 INFO [main] - getProducts() started
2020-02-26 19:07:45.306 INFO [main] - addProductToCartByProductId() started
2020-02-26 19:07:49.781 INFO [main] - getProductByProductId() started
2020-02-26 19:08:18.273 INFO [main] - isCartHasValue() started
2020-02-26 19:10:17.928 INFO [main] - Main() started
2020-02-26 19:10:19.517 INFO [main] - initializeStoreItems() started
2020-02-26 19:10:19.590 INFO [main] - initializeStoreItems() started
2020-02-26 19:10:19.665 INFO [main] - initializeStoreItems() started
2020-02-26 19:10:19.732 INFO [main] - initializeStoreItems() started
2020-02-26 19:10:19.732 INFO [main] - isCartHasValue() started
2020-02-26 19:10:22.534 INFO [main] - initializeStoreItems() started
2020-02-26 19:10:22.534 INFO [main] - getProducts() started
2020-02-26 19:10:29.274 INFO [main] - addProductToCartByProductId() started
2020-02-26 19:10:29.274 INFO [main] - getProductByProductId() started
2020-02-26 19:10:29.275 INFO [main] - isCartHasValue() started
2020-02-26 19:10:29.275 INFO [main] - isCartHasValue() started
2020-02-26 19:20:38.908 INFO [main] - initializeStoreItems() started
2020-02-26 19:20:38.908 INFO [main] - getProducts() started
2020-02-26 19:23:00.167 INFO [main] - Main() started
2020-02-26 19:23:01.762 INFO [main] - initializeStoreItems() started
2020-02-26 19:23:01.824 INFO [main] - initializeStoreItems() started
2020-02-26 19:23:01.890 INFO [main] - initializeStoreItems() started
2020-02-26 19:23:01.948 INFO [main] - initializeStoreItems() started
2020-02-26 19:23:01.948 INFO [main] - isCartHasValue() started
2020-02-26 19:23:02.976 INFO [main] - initializeProductsCategories() started
2020-02-26 19:23:02.976 INFO [main] - getCategories() started
2020-02-26 19:23:07.699 INFO [main] - initializeStoreSubCategories() started
2020-02-26 19:23:07.699 INFO [main] - getSubCategoryByCategoryId() started
